c:\users\yamani\desktop\cmp1-paint-for-kids\phase1 - code\debug\pt project.bsc
c:\users\yamani\desktop\cmp1-paint-for-kids\phase1 - code\debug\vc141.pdb
c:\users\yamani\desktop\cmp1-paint-for-kids\phase1 - code\debug\vc141.idb
c:\users\yamani\desktop\cmp1-paint-for-kids\phase1 - code\debug\testcode.sbr
c:\users\yamani\desktop\cmp1-paint-for-kids\phase1 - code\debug\output.sbr
c:\users\yamani\desktop\cmp1-paint-for-kids\phase1 - code\debug\input.sbr
c:\users\yamani\desktop\cmp1-paint-for-kids\phase1 - code\debug\windowinput.sbr
c:\users\yamani\desktop\cmp1-paint-for-kids\phase1 - code\debug\mousequeue.sbr
c:\users\yamani\desktop\cmp1-paint-for-kids\phase1 - code\debug\keyqueue.sbr
c:\users\yamani\desktop\cmp1-paint-for-kids\phase1 - code\debug\image.sbr
c:\users\yamani\desktop\cmp1-paint-for-kids\phase1 - code\debug\colors.sbr
c:\users\yamani\desktop\cmp1-paint-for-kids\phase1 - code\debug\cmugraphics.sbr
c:\users\yamani\desktop\cmp1-paint-for-kids\phase1 - code\debug\auxil.sbr
c:\users\yamani\desktop\cmp1-paint-for-kids\phase1 - code\debug\auxil.obj
c:\users\yamani\desktop\cmp1-paint-for-kids\phase1 - code\debug\cmugraphics.obj
c:\users\yamani\desktop\cmp1-paint-for-kids\phase1 - code\debug\colors.obj
c:\users\yamani\desktop\cmp1-paint-for-kids\phase1 - code\debug\image.obj
c:\users\yamani\desktop\cmp1-paint-for-kids\phase1 - code\debug\keyqueue.obj
c:\users\yamani\desktop\cmp1-paint-for-kids\phase1 - code\debug\mousequeue.obj
c:\users\yamani\desktop\cmp1-paint-for-kids\phase1 - code\debug\windowinput.obj
c:\users\yamani\desktop\cmp1-paint-for-kids\phase1 - code\debug\input.obj
c:\users\yamani\desktop\cmp1-paint-for-kids\phase1 - code\debug\output.obj
c:\users\yamani\desktop\cmp1-paint-for-kids\phase1 - code\debug\testcode.obj
c:\users\yamani\desktop\cmp1-paint-for-kids\phase1 - code\debug\jutils.sbr
c:\users\yamani\desktop\cmp1-paint-for-kids\phase1 - code\debug\jquant2.sbr
c:\users\yamani\desktop\cmp1-paint-for-kids\phase1 - code\debug\jquant1.sbr
c:\users\yamani\desktop\cmp1-paint-for-kids\phase1 - code\debug\jmemnobs.sbr
c:\users\yamani\desktop\cmp1-paint-for-kids\phase1 - code\debug\jmemmgr.sbr
c:\users\yamani\desktop\cmp1-paint-for-kids\phase1 - code\debug\jidctred.sbr
c:\users\yamani\desktop\cmp1-paint-for-kids\phase1 - code\debug\jidctint.sbr
c:\users\yamani\desktop\cmp1-paint-for-kids\phase1 - code\debug\jidctfst.sbr
c:\users\yamani\desktop\cmp1-paint-for-kids\phase1 - code\debug\jidctflt.sbr
c:\users\yamani\desktop\cmp1-paint-for-kids\phase1 - code\debug\jerror.sbr
c:\users\yamani\desktop\cmp1-paint-for-kids\phase1 - code\debug\jdtrans.sbr
c:\users\yamani\desktop\cmp1-paint-for-kids\phase1 - code\debug\jdsample.sbr
c:\users\yamani\desktop\cmp1-paint-for-kids\phase1 - code\debug\jdpostct.sbr
c:\users\yamani\desktop\cmp1-paint-for-kids\phase1 - code\debug\jdphuff.sbr
c:\users\yamani\desktop\cmp1-paint-for-kids\phase1 - code\debug\jdmerge.sbr
c:\users\yamani\desktop\cmp1-paint-for-kids\phase1 - code\debug\jdmaster.sbr
c:\users\yamani\desktop\cmp1-paint-for-kids\phase1 - code\debug\jdmarker.sbr
c:\users\yamani\desktop\cmp1-paint-for-kids\phase1 - code\debug\jdmainct.sbr
c:\users\yamani\desktop\cmp1-paint-for-kids\phase1 - code\debug\jdinput.sbr
c:\users\yamani\desktop\cmp1-paint-for-kids\phase1 - code\debug\jdhuff.sbr
c:\users\yamani\desktop\cmp1-paint-for-kids\phase1 - code\debug\jdhuff.obj
c:\users\yamani\desktop\cmp1-paint-for-kids\phase1 - code\debug\jdinput.obj
c:\users\yamani\desktop\cmp1-paint-for-kids\phase1 - code\debug\jdmainct.obj
c:\users\yamani\desktop\cmp1-paint-for-kids\phase1 - code\debug\jdmarker.obj
c:\users\yamani\desktop\cmp1-paint-for-kids\phase1 - code\debug\jdmaster.obj
c:\users\yamani\desktop\cmp1-paint-for-kids\phase1 - code\debug\jdmerge.obj
c:\users\yamani\desktop\cmp1-paint-for-kids\phase1 - code\debug\jdphuff.obj
c:\users\yamani\desktop\cmp1-paint-for-kids\phase1 - code\debug\jdpostct.obj
c:\users\yamani\desktop\cmp1-paint-for-kids\phase1 - code\debug\jdsample.obj
c:\users\yamani\desktop\cmp1-paint-for-kids\phase1 - code\debug\jdtrans.obj
c:\users\yamani\desktop\cmp1-paint-for-kids\phase1 - code\debug\jerror.obj
c:\users\yamani\desktop\cmp1-paint-for-kids\phase1 - code\debug\jidctflt.obj
c:\users\yamani\desktop\cmp1-paint-for-kids\phase1 - code\debug\jidctfst.obj
c:\users\yamani\desktop\cmp1-paint-for-kids\phase1 - code\debug\jidctint.obj
c:\users\yamani\desktop\cmp1-paint-for-kids\phase1 - code\debug\jidctred.obj
c:\users\yamani\desktop\cmp1-paint-for-kids\phase1 - code\debug\jmemmgr.obj
c:\users\yamani\desktop\cmp1-paint-for-kids\phase1 - code\debug\jmemnobs.obj
c:\users\yamani\desktop\cmp1-paint-for-kids\phase1 - code\debug\jquant1.obj
c:\users\yamani\desktop\cmp1-paint-for-kids\phase1 - code\debug\jquant2.obj
c:\users\yamani\desktop\cmp1-paint-for-kids\phase1 - code\debug\jutils.obj
c:\users\yamani\desktop\cmp1-paint-for-kids\phase1 - code\debug\jddctmgr.sbr
c:\users\yamani\desktop\cmp1-paint-for-kids\phase1 - code\debug\jdcolor.sbr
c:\users\yamani\desktop\cmp1-paint-for-kids\phase1 - code\debug\jdcoefct.sbr
c:\users\yamani\desktop\cmp1-paint-for-kids\phase1 - code\debug\jdatasrc.sbr
c:\users\yamani\desktop\cmp1-paint-for-kids\phase1 - code\debug\jdapistd.sbr
c:\users\yamani\desktop\cmp1-paint-for-kids\phase1 - code\debug\jdapimin.sbr
c:\users\yamani\desktop\cmp1-paint-for-kids\phase1 - code\debug\jcparam.sbr
c:\users\yamani\desktop\cmp1-paint-for-kids\phase1 - code\debug\jcomapi.sbr
c:\users\yamani\desktop\cmp1-paint-for-kids\phase1 - code\debug\jpegload.sbr
c:\users\yamani\desktop\cmp1-paint-for-kids\phase1 - code\debug\jpegload.obj
c:\users\yamani\desktop\cmp1-paint-for-kids\phase1 - code\debug\jcomapi.obj
c:\users\yamani\desktop\cmp1-paint-for-kids\phase1 - code\debug\jcparam.obj
c:\users\yamani\desktop\cmp1-paint-for-kids\phase1 - code\debug\jdapimin.obj
c:\users\yamani\desktop\cmp1-paint-for-kids\phase1 - code\debug\jdapistd.obj
c:\users\yamani\desktop\cmp1-paint-for-kids\phase1 - code\debug\jdatasrc.obj
c:\users\yamani\desktop\cmp1-paint-for-kids\phase1 - code\debug\jdcoefct.obj
c:\users\yamani\desktop\cmp1-paint-for-kids\phase1 - code\debug\jdcolor.obj
c:\users\yamani\desktop\cmp1-paint-for-kids\phase1 - code\debug\jddctmgr.obj
c:\users\yamani\desktop\cmp1-paint-for-kids\phase1 - code\debug\pt project.exe
c:\users\yamani\desktop\cmp1-paint-for-kids\phase1 - code\debug\pt project.ilk
c:\users\yamani\desktop\cmp1-paint-for-kids\phase1 - code\debug\pt project.pdb
c:\users\yamani\desktop\cmp1-paint-for-kids\phase1 - code\.\debug\pt project.exe
c:\users\yamani\desktop\cmp1-paint-for-kids\phase1 - code\debug\pt project.tlog\bscmake.command.1.tlog
c:\users\yamani\desktop\cmp1-paint-for-kids\phase1 - code\debug\pt project.tlog\bscmake.read.1.tlog
c:\users\yamani\desktop\cmp1-paint-for-kids\phase1 - code\debug\pt project.tlog\bscmake.write.1.tlog
c:\users\yamani\desktop\cmp1-paint-for-kids\phase1 - code\debug\pt project.tlog\cl.command.1.tlog
c:\users\yamani\desktop\cmp1-paint-for-kids\phase1 - code\debug\pt project.tlog\cl.read.1.tlog
c:\users\yamani\desktop\cmp1-paint-for-kids\phase1 - code\debug\pt project.tlog\cl.write.1.tlog
c:\users\yamani\desktop\cmp1-paint-for-kids\phase1 - code\debug\pt project.tlog\link.command.1.tlog
c:\users\yamani\desktop\cmp1-paint-for-kids\phase1 - code\debug\pt project.tlog\link.read.1.tlog
c:\users\yamani\desktop\cmp1-paint-for-kids\phase1 - code\debug\pt project.tlog\link.write.1.tlog
